
*** Running vivado
    with args -log dist_mem_gen_0.vds -m64 -product Vivado -mode batch -messageDb vivado.pb -notrace -source dist_mem_gen_0.tcl



****** Vivado v2020.2 (64-bit)
  **** SW Build 3064766 on Wed Nov 18 09:12:45 MST 2020
  **** IP Build 3064653 on Wed Nov 18 14:17:31 MST 2020
    ** Copyright 1986-2020 Xilinx, Inc. All Rights Reserved.

source dist_mem_gen_0.tcl -notrace
Command: synth_design -top dist_mem_gen_0 -part xc7a35tcpg236-1 -mode out_of_context
Starting synth_design
Attempting to get a license for feature 'Synthesis' and/or device 'xc7a35t'
INFO: [Common 17-349] Got license for feature 'Synthesis' and/or device 'xc7a35t'
INFO: [Device 21-403] Loading part xc7a35tcpg236-1
INFO: [Synth 8-7079] Multithreading enabled for synth_design using a maximum of 2 processes.
INFO: [Synth 8-7078] Launching helper process for spawning children vivado processes
INFO: [Synth 8-7075] Helper process launched with PID 14412
---------------------------------------------------------------------------------
Starting RTL Elaboration : Time (s): cpu = 00:00:10 ; elapsed = 00:00:12 . Memory (MB): peak = 1005.832 ; gain = 0.000
---------------------------------------------------------------------------------
INFO: [Synth 8-638] synthesizing module 'dist_mem_gen_0' [c:/FPGAProjects/VGAUnsalan/VGAUnsalan.gen/sources_1/ip/dist_mem_gen_0/synth/dist_mem_gen_0.vhd:66]
	Parameter C_FAMILY bound to: artix7 - type: string 
	Parameter C_ADDR_WIDTH bound to: 13 - type: integer 
	Parameter C_DEFAULT_DATA bound to: 0 - type: string 
	Parameter C_DEPTH bound to: 8192 - type: integer 
	Parameter C_HAS_CLK bound to: 0 - type: integer 
	Parameter C_HAS_D bound to: 0 - type: integer 
	Parameter C_HAS_DPO bound to: 0 - type: integer 
	Parameter C_HAS_DPRA bound to: 0 - type: integer 
	Parameter C_HAS_I_CE bound to: 0 - type: integer 
	Parameter C_HAS_QDPO bound to: 0 - type: integer 
	Parameter C_HAS_QDPO_CE bound to: 0 - type: integer 
	Parameter C_HAS_QDPO_CLK bound to: 0 - type: integer 
	Parameter C_HAS_QDPO_RST bound to: 0 - type: integer 
	Parameter C_HAS_QDPO_SRST bound to: 0 - type: integer 
	Parameter C_HAS_QSPO bound to: 0 - type: integer 
	Parameter C_HAS_QSPO_CE bound to: 0 - type: integer 
	Parameter C_HAS_QSPO_RST bound to: 0 - type: integer 
	Parameter C_HAS_QSPO_SRST bound to: 0 - type: integer 
	Parameter C_HAS_SPO bound to: 1 - type: integer 
	Parameter C_HAS_WE bound to: 0 - type: integer 
	Parameter C_MEM_INIT_FILE bound to: dist_mem_gen_0.mif - type: string 
	Parameter C_ELABORATION_DIR bound to: ./ - type: string 
	Parameter C_MEM_TYPE bound to: 0 - type: integer 
	Parameter C_PIPELINE_STAGES bound to: 0 - type: integer 
	Parameter C_QCE_JOINED bound to: 0 - type: integer 
	Parameter C_QUALIFY_WE bound to: 0 - type: integer 
	Parameter C_READ_MIF bound to: 1 - type: integer 
	Parameter C_REG_A_D_INPUTS bound to: 0 - type: integer 
	Parameter C_REG_DPRA_INPUT bound to: 0 - type: integer 
	Parameter C_SYNC_ENABLE bound to: 1 - type: integer 
	Parameter C_WIDTH bound to: 8 - type: integer 
	Parameter C_PARSER_TYPE bound to: 1 - type: integer 
INFO: [Synth 8-3491] module 'dist_mem_gen_v8_0_13' declared at 'c:/FPGAProjects/VGAUnsalan/VGAUnsalan.gen/sources_1/ip/dist_mem_gen_0/hdl/dist_mem_gen_v8_0_vhsyn_rfs.vhd:3237' bound to instance 'U0' of component 'dist_mem_gen_v8_0_13' [c:/FPGAProjects/VGAUnsalan/VGAUnsalan.gen/sources_1/ip/dist_mem_gen_0/synth/dist_mem_gen_0.vhd:132]
INFO: [Synth 8-256] done synthesizing module 'dist_mem_gen_0' (4#1) [c:/FPGAProjects/VGAUnsalan/VGAUnsalan.gen/sources_1/ip/dist_mem_gen_0/synth/dist_mem_gen_0.vhd:66]
---------------------------------------------------------------------------------
Finished RTL Elaboration : Time (s): cpu = 00:00:52 ; elapsed = 00:00:59 . Memory (MB): peak = 1181.012 ; gain = 175.180
---------------------------------------------------------------------------------
---------------------------------------------------------------------------------
Start Handling Custom Attributes
---------------------------------------------------------------------------------
---------------------------------------------------------------------------------
Finished Handling Custom Attributes : Time (s): cpu = 00:00:53 ; elapsed = 00:01:00 . Memory (MB): peak = 1181.012 ; gain = 175.180
---------------------------------------------------------------------------------
---------------------------------------------------------------------------------
Finished RTL Optimization Phase 1 : Time (s): cpu = 00:00:53 ; elapsed = 00:01:00 . Memory (MB): peak = 1181.012 ; gain = 175.180
---------------------------------------------------------------------------------
Netlist sorting complete. Time (s): cpu = 00:00:00 ; elapsed = 00:00:00.001 . Memory (MB): peak = 1181.012 ; gain = 0.000
INFO: [Project 1-570] Preparing netlist for logic optimization

Processing XDC Constraints
Initializing timing engine
Parsing XDC File [c:/FPGAProjects/VGAUnsalan/VGAUnsalan.gen/sources_1/ip/dist_mem_gen_0/dist_mem_gen_0_ooc.xdc] for cell 'U0'
Finished Parsing XDC File [c:/FPGAProjects/VGAUnsalan/VGAUnsalan.gen/sources_1/ip/dist_mem_gen_0/dist_mem_gen_0_ooc.xdc] for cell 'U0'
Parsing XDC File [C:/FPGAProjects/VGAUnsalan/VGAUnsalan.runs/dist_mem_gen_0_synth_1/dont_touch.xdc]
Finished Parsing XDC File [C:/FPGAProjects/VGAUnsalan/VGAUnsalan.runs/dist_mem_gen_0_synth_1/dont_touch.xdc]
Completed Processing XDC Constraints

Netlist sorting complete. Time (s): cpu = 00:00:00 ; elapsed = 00:00:00 . Memory (MB): peak = 1181.012 ; gain = 0.000
INFO: [Project 1-111] Unisim Transformation Summary:
No Unisim elements were transformed.

Constraint Validation Runtime : Time (s): cpu = 00:00:00 ; elapsed = 00:00:00.025 . Memory (MB): peak = 1181.012 ; gain = 0.000
---------------------------------------------------------------------------------
Finished Constraint Validation : Time (s): cpu = 00:01:03 ; elapsed = 00:01:10 . Memory (MB): peak = 1181.012 ; gain = 175.180
---------------------------------------------------------------------------------
---------------------------------------------------------------------------------
Start Loading Part and Timing Information
---------------------------------------------------------------------------------
Loading part: xc7a35tcpg236-1
---------------------------------------------------------------------------------
Finished Loading Part and Timing Information : Time (s): cpu = 00:01:03 ; elapsed = 00:01:10 . Memory (MB): peak = 1181.012 ; gain = 175.180
---------------------------------------------------------------------------------
---------------------------------------------------------------------------------
Start Applying 'set_property' XDC Constraints
---------------------------------------------------------------------------------
Applied set_property KEEP_HIERARCHY = SOFT for U0. (constraint file  C:/FPGAProjects/VGAUnsalan/VGAUnsalan.runs/dist_mem_gen_0_synth_1/dont_touch.xdc, line 9).
---------------------------------------------------------------------------------
Finished applying 'set_property' XDC Constraints : Time (s): cpu = 00:01:03 ; elapsed = 00:01:10 . Memory (MB): peak = 1181.012 ; gain = 175.180
---------------------------------------------------------------------------------
---------------------------------------------------------------------------------
Finished RTL Optimization Phase 2 : Time (s): cpu = 00:01:20 ; elapsed = 00:01:29 . Memory (MB): peak = 1181.012 ; gain = 175.180
---------------------------------------------------------------------------------
---------------------------------------------------------------------------------
Start RTL Component Statistics 
---------------------------------------------------------------------------------
Detailed RTL Component Info : 
---------------------------------------------------------------------------------
Finished RTL Component Statistics 
---------------------------------------------------------------------------------
---------------------------------------------------------------------------------
Start Part Resource Summary
---------------------------------------------------------------------------------
Part Resources:
DSPs: 90 (col length:60)
BRAMs: 100 (col length: RAMB18 60 RAMB36 30)
---------------------------------------------------------------------------------
Finished Part Resource Summary
---------------------------------------------------------------------------------
---------------------------------------------------------------------------------
Start Cross Boundary and Area Optimization
---------------------------------------------------------------------------------
---------------------------------------------------------------------------------
Finished Cross Boundary and Area Optimization : Time (s): cpu = 00:01:52 ; elapsed = 00:02:01 . Memory (MB): peak = 1181.012 ; gain = 175.180
---------------------------------------------------------------------------------
---------------------------------------------------------------------------------
Start ROM, RAM, DSP, Shift Register and Retiming Reporting
---------------------------------------------------------------------------------

ROM: Preliminary Mapping	Report
+---------------------+--------------------------------------------------------+---------------+----------------+
|Module Name          | RTL Object                                             | Depth x Width | Implemented As | 
+---------------------+--------------------------------------------------------+---------------+----------------+
|rom                  | rom[8191]                                              | 8192x8        | LUT            | 
|dist_mem_gen_v8_0_13 | synth_options.dist_mem_inst/gen_rom.rom_inst/rom[8191] | 8192x8        | LUT            | 
+---------------------+--------------------------------------------------------+---------------+----------------+

---------------------------------------------------------------------------------
Finished ROM, RAM, DSP, Shift Register and Retiming Reporting
---------------------------------------------------------------------------------
---------------------------------------------------------------------------------
Start Applying XDC Timing Constraints
---------------------------------------------------------------------------------
---------------------------------------------------------------------------------
Finished Applying XDC Timing Constraints : Time (s): cpu = 00:02:00 ; elapsed = 00:02:09 . Memory (MB): peak = 1181.012 ; gain = 175.180
---------------------------------------------------------------------------------
---------------------------------------------------------------------------------
Start Timing Optimization
---------------------------------------------------------------------------------
---------------------------------------------------------------------------------
Finished Timing Optimization : Time (s): cpu = 00:02:00 ; elapsed = 00:02:09 . Memory (MB): peak = 1181.012 ; gain = 175.180
---------------------------------------------------------------------------------
---------------------------------------------------------------------------------
Start Technology Mapping
---------------------------------------------------------------------------------
---------------------------------------------------------------------------------
Finished Technology Mapping : Time (s): cpu = 00:02:01 ; elapsed = 00:02:10 . Memory (MB): peak = 1181.012 ; gain = 175.180
---------------------------------------------------------------------------------
---------------------------------------------------------------------------------
Start IO Insertion
---------------------------------------------------------------------------------
---------------------------------------------------------------------------------
Start Flattening Before IO Insertion
---------------------------------------------------------------------------------
---------------------------------------------------------------------------------
Finished Flattening Before IO Insertion
---------------------------------------------------------------------------------
---------------------------------------------------------------------------------
Start Final Netlist Cleanup
---------------------------------------------------------------------------------
---------------------------------------------------------------------------------
Finished Final Netlist Cleanup
---------------------------------------------------------------------------------
---------------------------------------------------------------------------------
Finished IO Insertion : Time (s): cpu = 00:02:06 ; elapsed = 00:02:15 . Memory (MB): peak = 1181.012 ; gain = 175.180
---------------------------------------------------------------------------------
---------------------------------------------------------------------------------
Start Renaming Generated Instances
---------------------------------------------------------------------------------
---------------------------------------------------------------------------------
Finished Renaming Generated Instances : Time (s): cpu = 00:02:06 ; elapsed = 00:02:15 . Memory (MB): peak = 1181.012 ; gain = 175.180
---------------------------------------------------------------------------------
---------------------------------------------------------------------------------
Start Rebuilding User Hierarchy
---------------------------------------------------------------------------------
---------------------------------------------------------------------------------
Finished Rebuilding User Hierarchy : Time (s): cpu = 00:02:06 ; elapsed = 00:02:15 . Memory (MB): peak = 1181.012 ; gain = 175.180
---------------------------------------------------------------------------------
---------------------------------------------------------------------------------
Start Renaming Generated Ports
---------------------------------------------------------------------------------
---------------------------------------------------------------------------------
Finished Renaming Generated Ports : Time (s): cpu = 00:02:06 ; elapsed = 00:02:15 . Memory (MB): peak = 1181.012 ; gain = 175.180
---------------------------------------------------------------------------------
---------------------------------------------------------------------------------
Start Handling Custom Attributes
---------------------------------------------------------------------------------
---------------------------------------------------------------------------------
Finished Handling Custom Attributes : Time (s): cpu = 00:02:06 ; elapsed = 00:02:15 . Memory (MB): peak = 1181.012 ; gain = 175.180
---------------------------------------------------------------------------------
---------------------------------------------------------------------------------
Start Renaming Generated Nets
---------------------------------------------------------------------------------
---------------------------------------------------------------------------------
Finished Renaming Generated Nets : Time (s): cpu = 00:02:06 ; elapsed = 00:02:15 . Memory (MB): peak = 1181.012 ; gain = 175.180
---------------------------------------------------------------------------------
---------------------------------------------------------------------------------
Start Writing Synthesis Report
---------------------------------------------------------------------------------

Report BlackBoxes: 
+-+--------------+----------+
| |BlackBox name |Instances |
+-+--------------+----------+
+-+--------------+----------+

Report Cell Usage: 
+------+------+------+
|      |Cell  |Count |
+------+------+------+
|1     |LUT2  |     3|
|2     |LUT3  |     4|
|3     |LUT4  |     2|
|4     |LUT5  |    16|
|5     |LUT6  |   466|
|6     |MUXF7 |   145|
|7     |MUXF8 |    11|
+------+------+------+
---------------------------------------------------------------------------------
Finished Writing Synthesis Report : Time (s): cpu = 00:02:06 ; elapsed = 00:02:15 . Memory (MB): peak = 1181.012 ; gain = 175.180
---------------------------------------------------------------------------------
Synthesis finished with 0 errors, 0 critical warnings and 0 warnings.
Synthesis Optimization Runtime : Time (s): cpu = 00:01:09 ; elapsed = 00:02:11 . Memory (MB): peak = 1181.012 ; gain = 175.180
Synthesis Optimization Complete : Time (s): cpu = 00:02:06 ; elapsed = 00:02:15 . Memory (MB): peak = 1181.012 ; gain = 175.180
INFO: [Project 1-571] Translating synthesized netlist
Netlist sorting complete. Time (s): cpu = 00:00:00 ; elapsed = 00:00:00.019 . Memory (MB): peak = 1181.012 ; gain = 0.000
INFO: [Netlist 29-17] Analyzing 156 Unisim elements for replacement
INFO: [Netlist 29-28] Unisim Transformation completed in 0 CPU seconds
INFO: [Project 1-570] Preparing netlist for logic optimization
INFO: [Opt 31-138] Pushed 0 inverter(s) to 0 load pin(s).
Netlist sorting complete. Time (s): cpu = 00:00:00 ; elapsed = 00:00:00.001 . Memory (MB): peak = 1181.012 ; gain = 0.000
INFO: [Project 1-111] Unisim Transformation Summary:
No Unisim elements were transformed.

INFO: [Common 17-83] Releasing license: Synthesis
17 Infos, 0 Warnings, 0 Critical Warnings and 0 Errors encountered.
synth_design completed successfully
synth_design: Time (s): cpu = 00:02:16 ; elapsed = 00:02:26 . Memory (MB): peak = 1181.012 ; gain = 175.180
INFO: [Common 17-1381] The checkpoint 'C:/FPGAProjects/VGAUnsalan/VGAUnsalan.runs/dist_mem_gen_0_synth_1/dist_mem_gen_0.dcp' has been generated.
WARNING: [Common 17-576] 'use_project_ipc' is deprecated. This option is deprecated and no longer used.
INFO: [Coretcl 2-1648] Added synthesis output to IP cache for IP dist_mem_gen_0, cache-ID = cf1941b30fdcaa85
INFO: [Coretcl 2-1174] Renamed 3 cell refs.
INFO: [Common 17-1381] The checkpoint 'C:/FPGAProjects/VGAUnsalan/VGAUnsalan.runs/dist_mem_gen_0_synth_1/dist_mem_gen_0.dcp' has been generated.
INFO: [runtcl-4] Executing : report_utilization -file dist_mem_gen_0_utilization_synth.rpt -pb dist_mem_gen_0_utilization_synth.pb
INFO: [Common 17-206] Exiting Vivado at Sat May 14 11:15:15 2022...
