Copyright 1986-2020 Xilinx, Inc. All Rights Reserved.
-------------------------------------------------------------------------------------------
| Tool Version : Vivado v.2020.2 (win64) Build 3064766 Wed Nov 18 09:12:45 MST 2020
| Date         : Sat May 14 11:51:05 2022
| Host         : DESKTOP-AFNEJRD running 64-bit major release  (build 9200)
| Command      : report_control_sets -verbose -file VGA_top_module_control_sets_placed.rpt
| Design       : VGA_top_module
| Device       : xc7a35t
-------------------------------------------------------------------------------------------

Control Set Information

Table of Contents
-----------------
1. Summary
2. Histogram
3. Flip-Flop Distribution
4. Detailed Control Set Information

1. Summary
----------

+----------------------------------------------------------+-------+
|                          Status                          | Count |
+----------------------------------------------------------+-------+
| Total control sets                                       |     7 |
|    Minimum number of control sets                        |     7 |
|    Addition due to synthesis replication                 |     0 |
|    Addition due to physical synthesis replication        |     0 |
| Unused register locations in slices containing registers |    36 |
+----------------------------------------------------------+-------+
* Control sets can be merged at opt_design using control_set_merge or merge_equivalent_drivers
** Run report_qor_suggestions for automated merging and remapping suggestions


2. Histogram
------------

+--------------------+-------+
|       Fanout       | Count |
+--------------------+-------+
| Total control sets |     7 |
| >= 0 to < 4        |     3 |
| >= 4 to < 6        |     0 |
| >= 6 to < 8        |     0 |
| >= 8 to < 10       |     1 |
| >= 10 to < 12      |     2 |
| >= 12 to < 14      |     1 |
| >= 14 to < 16      |     0 |
| >= 16              |     0 |
+--------------------+-------+
* Control sets can be remapped at either synth_design or opt_design


3. Flip-Flop Distribution
-------------------------

+--------------+-----------------------+------------------------+-----------------+--------------+
| Clock Enable | Synchronous Set/Reset | Asynchronous Set/Reset | Total Registers | Total Slices |
+--------------+-----------------------+------------------------+-----------------+--------------+
| No           | No                    | No                     |               1 |            1 |
| No           | No                    | Yes                    |               0 |            0 |
| No           | Yes                   | No                     |              20 |           14 |
| Yes          | No                    | No                     |               0 |            0 |
| Yes          | No                    | Yes                    |               0 |            0 |
| Yes          | Yes                   | No                     |              23 |            8 |
+--------------+-----------------------+------------------------+-----------------+--------------+


4. Detailed Control Set Information
-----------------------------------

+----------------------+-----------------------+-----------------------+------------------+----------------+--------------+
|     Clock Signal     |     Enable Signal     |    Set/Reset Signal   | Slice Load Count | Bel Load Count | Bels / Slice |
+----------------------+-----------------------+-----------------------+------------------+----------------+--------------+
|  clock/inst/clk_out1 |                       |                       |                1 |              1 |         1.00 |
|  clock/inst/clk_out1 |                       | VGA/Hsync0            |                1 |              1 |         1.00 |
|  clock/inst/clk_out1 |                       | VGA/Vsync0            |                1 |              1 |         1.00 |
|  clock/inst/clk_out1 |                       | VGA/enable            |                8 |              8 |         1.00 |
|  clock/inst/clk_out1 |                       | VGA/hcount[9]_i_1_n_0 |                4 |             10 |         2.50 |
|  clock/inst/clk_out1 | VGA/hcount[9]_i_1_n_0 | VGA/vcount            |                4 |             10 |         2.50 |
|  clock/inst/clk_out1 | VGA/sel               | VGA/clear             |                4 |             13 |         3.25 |
+----------------------+-----------------------+-----------------------+------------------+----------------+--------------+


